[2024-08-28T04:14:54.338+0000] {local_task_job_runner.py:123} INFO - ::group::Pre task execution logs
[2024-08-28T04:14:54.502+0000] {taskinstance.py:2603} INFO - Dependencies all met for dep_context=non-requeueable deps ti=<TaskInstance: movies_dag.subir_data manual__2024-08-28T04:14:41.393715+00:00 [queued]>
[2024-08-28T04:14:54.510+0000] {taskinstance.py:2603} INFO - Dependencies all met for dep_context=requeueable deps ti=<TaskInstance: movies_dag.subir_data manual__2024-08-28T04:14:41.393715+00:00 [queued]>
[2024-08-28T04:14:54.511+0000] {taskinstance.py:2856} INFO - Starting attempt 1 of 4
[2024-08-28T04:14:54.523+0000] {taskinstance.py:2879} INFO - Executing <Task(PythonOperator): subir_data> on 2024-08-28 04:14:41.393715+00:00
[2024-08-28T04:14:54.529+0000] {warnings.py:112} WARNING - /home/***/.local/lib/python3.12/site-packages/***/task/task_runner/standard_task_runner.py:70: DeprecationWarning: This process (pid=70) is multi-threaded, use of fork() may lead to deadlocks in the child.
  pid = os.fork()

[2024-08-28T04:14:54.531+0000] {standard_task_runner.py:72} INFO - Started process 72 to run task
[2024-08-28T04:14:54.531+0000] {standard_task_runner.py:104} INFO - Running: ['***', 'tasks', 'run', 'movies_dag', 'subir_data', 'manual__2024-08-28T04:14:41.393715+00:00', '--job-id', '45', '--raw', '--subdir', 'DAGS_FOLDER/dag_etl.py', '--cfg-path', '/tmp/tmpf87fzqm9']
[2024-08-28T04:14:54.533+0000] {standard_task_runner.py:105} INFO - Job 45: Subtask subir_data
[2024-08-28T04:14:54.570+0000] {task_command.py:467} INFO - Running <TaskInstance: movies_dag.subir_data manual__2024-08-28T04:14:41.393715+00:00 [running]> on host e1752bf327c8
[2024-08-28T04:14:54.645+0000] {taskinstance.py:3122} INFO - Exporting env vars: AIRFLOW_CTX_DAG_OWNER='pedro' AIRFLOW_CTX_DAG_ID='movies_dag' AIRFLOW_CTX_TASK_ID='subir_data' AIRFLOW_CTX_EXECUTION_DATE='2024-08-28T04:14:41.393715+00:00' AIRFLOW_CTX_TRY_NUMBER='1' AIRFLOW_CTX_DAG_RUN_ID='manual__2024-08-28T04:14:41.393715+00:00'
[2024-08-28T04:14:54.646+0000] {taskinstance.py:731} INFO - ::endgroup::
[2024-08-28T04:14:54.659+0000] {logging_mixin.py:190} INFO - None
[2024-08-28T04:14:54.659+0000] {logging_mixin.py:190} INFO - None
[2024-08-28T04:14:54.660+0000] {logging_mixin.py:190} INFO - api_tmdb_pelis_terror
[2024-08-28T04:14:54.660+0000] {dag_intermediario.py:48} ERROR - ('Error when uploading data: ', TypeError("'NoneType' object is not subscriptable"))
[2024-08-28T04:14:54.660+0000] {python.py:240} INFO - Done. Returned value was: None
[2024-08-28T04:14:54.670+0000] {taskinstance.py:340} INFO - ::group::Post task execution logs
[2024-08-28T04:14:54.671+0000] {taskinstance.py:352} INFO - Marking task as SUCCESS. dag_id=movies_dag, task_id=subir_data, run_id=manual__2024-08-28T04:14:41.393715+00:00, execution_date=20240828T041441, start_date=20240828T041454, end_date=20240828T041454
[2024-08-28T04:14:54.705+0000] {local_task_job_runner.py:261} INFO - Task exited with return code 0
[2024-08-28T04:14:54.720+0000] {taskinstance.py:3891} INFO - 0 downstream tasks scheduled from follow-on schedule check
[2024-08-28T04:14:54.722+0000] {local_task_job_runner.py:240} INFO - ::endgroup::
