[2024-08-28T03:41:08.189+0000] {local_task_job_runner.py:123} INFO - ::group::Pre task execution logs
[2024-08-28T03:41:08.359+0000] {taskinstance.py:2603} INFO - Dependencies all met for dep_context=non-requeueable deps ti=<TaskInstance: movies_dag.leer_data manual__2024-08-28T03:41:06.582406+00:00 [queued]>
[2024-08-28T03:41:08.367+0000] {taskinstance.py:2603} INFO - Dependencies all met for dep_context=requeueable deps ti=<TaskInstance: movies_dag.leer_data manual__2024-08-28T03:41:06.582406+00:00 [queued]>
[2024-08-28T03:41:08.370+0000] {taskinstance.py:2856} INFO - Starting attempt 1 of 4
[2024-08-28T03:41:08.383+0000] {taskinstance.py:2879} INFO - Executing <Task(PythonOperator): leer_data> on 2024-08-28 03:41:06.582406+00:00
[2024-08-28T03:41:08.390+0000] {warnings.py:112} WARNING - /home/***/.local/lib/python3.12/site-packages/***/task/task_runner/standard_task_runner.py:70: DeprecationWarning: This process (pid=159) is multi-threaded, use of fork() may lead to deadlocks in the child.
  pid = os.fork()

[2024-08-28T03:41:08.391+0000] {standard_task_runner.py:72} INFO - Started process 161 to run task
[2024-08-28T03:41:08.392+0000] {standard_task_runner.py:104} INFO - Running: ['***', 'tasks', 'run', 'movies_dag', 'leer_data', 'manual__2024-08-28T03:41:06.582406+00:00', '--job-id', '19', '--raw', '--subdir', 'DAGS_FOLDER/dag_etl.py', '--cfg-path', '/tmp/tmprv3ly57b']
[2024-08-28T03:41:08.393+0000] {standard_task_runner.py:105} INFO - Job 19: Subtask leer_data
[2024-08-28T03:41:08.434+0000] {task_command.py:467} INFO - Running <TaskInstance: movies_dag.leer_data manual__2024-08-28T03:41:06.582406+00:00 [running]> on host e1752bf327c8
[2024-08-28T03:41:08.509+0000] {taskinstance.py:3122} INFO - Exporting env vars: AIRFLOW_CTX_DAG_OWNER='pedro' AIRFLOW_CTX_DAG_ID='movies_dag' AIRFLOW_CTX_TASK_ID='leer_data' AIRFLOW_CTX_EXECUTION_DATE='2024-08-28T03:41:06.582406+00:00' AIRFLOW_CTX_TRY_NUMBER='1' AIRFLOW_CTX_DAG_RUN_ID='manual__2024-08-28T03:41:06.582406+00:00'
[2024-08-28T03:41:08.510+0000] {taskinstance.py:731} INFO - ::endgroup::
[2024-08-28T03:41:08.522+0000] {logging_mixin.py:190} INFO - pedroacastagnola_coderhouse
[2024-08-28T03:41:08.523+0000] {bd_connect.py:26} INFO - Connecting to database...
[2024-08-28T03:41:11.663+0000] {bd_connect.py:53} INFO - Movie ids found in DB: [(762441,), (945961,), (1023922,), (1174618,), (1175038,), (646683,), (1001311,), (1097150,), (1241674,), (1010600,), (1225377,), (1207898,), (1308757,), (719221,), (940721,), (1179558,), (1096197,), (1214509,), (1159518,), (938614,), (444483,), (1086747,), (437342,), (348,), (1041613,), (1026819,), (1226578,), (821499,), (838209,), (1034541,), (1111873,), (726139,), (1070535,), (1020896,), (1130899,), (615656,), (507089,), (1145291,), (138843,), (1087388,), (10351,), (520763,), (1008042,), (126889,), (1028703,), (578,), (423108,), (259693,), (804616,), (103620,), (1032950,), (1300962,)]
[2024-08-28T03:41:11.663+0000] {python.py:240} INFO - Done. Returned value was: None
[2024-08-28T03:41:11.673+0000] {taskinstance.py:340} INFO - ::group::Post task execution logs
[2024-08-28T03:41:11.673+0000] {taskinstance.py:352} INFO - Marking task as SUCCESS. dag_id=movies_dag, task_id=leer_data, run_id=manual__2024-08-28T03:41:06.582406+00:00, execution_date=20240828T034106, start_date=20240828T034108, end_date=20240828T034111
[2024-08-28T03:41:11.696+0000] {local_task_job_runner.py:261} INFO - Task exited with return code 0
[2024-08-28T03:41:11.719+0000] {taskinstance.py:3891} INFO - 1 downstream tasks scheduled from follow-on schedule check
[2024-08-28T03:41:11.722+0000] {local_task_job_runner.py:240} INFO - ::endgroup::
