[2024-08-28T04:16:35.178+0000] {local_task_job_runner.py:123} INFO - ::group::Pre task execution logs
[2024-08-28T04:16:35.355+0000] {taskinstance.py:2603} INFO - Dependencies all met for dep_context=non-requeueable deps ti=<TaskInstance: movies_dag.subir_data manual__2024-08-28T04:16:21.825103+00:00 [queued]>
[2024-08-28T04:16:35.362+0000] {taskinstance.py:2603} INFO - Dependencies all met for dep_context=requeueable deps ti=<TaskInstance: movies_dag.subir_data manual__2024-08-28T04:16:21.825103+00:00 [queued]>
[2024-08-28T04:16:35.363+0000] {taskinstance.py:2856} INFO - Starting attempt 1 of 4
[2024-08-28T04:16:35.375+0000] {taskinstance.py:2879} INFO - Executing <Task(PythonOperator): subir_data> on 2024-08-28 04:16:21.825103+00:00
[2024-08-28T04:16:35.383+0000] {warnings.py:112} WARNING - /home/***/.local/lib/python3.12/site-packages/***/task/task_runner/standard_task_runner.py:70: DeprecationWarning: This process (pid=103) is multi-threaded, use of fork() may lead to deadlocks in the child.
  pid = os.fork()

[2024-08-28T04:16:35.384+0000] {standard_task_runner.py:72} INFO - Started process 105 to run task
[2024-08-28T04:16:35.383+0000] {standard_task_runner.py:104} INFO - Running: ['***', 'tasks', 'run', 'movies_dag', 'subir_data', 'manual__2024-08-28T04:16:21.825103+00:00', '--job-id', '48', '--raw', '--subdir', 'DAGS_FOLDER/dag_etl.py', '--cfg-path', '/tmp/tmp83t8nbb0']
[2024-08-28T04:16:35.385+0000] {standard_task_runner.py:105} INFO - Job 48: Subtask subir_data
[2024-08-28T04:16:35.422+0000] {task_command.py:467} INFO - Running <TaskInstance: movies_dag.subir_data manual__2024-08-28T04:16:21.825103+00:00 [running]> on host e1752bf327c8
[2024-08-28T04:16:35.501+0000] {taskinstance.py:3122} INFO - Exporting env vars: AIRFLOW_CTX_DAG_OWNER='pedro' AIRFLOW_CTX_DAG_ID='movies_dag' AIRFLOW_CTX_TASK_ID='subir_data' AIRFLOW_CTX_EXECUTION_DATE='2024-08-28T04:16:21.825103+00:00' AIRFLOW_CTX_TRY_NUMBER='1' AIRFLOW_CTX_DAG_RUN_ID='manual__2024-08-28T04:16:21.825103+00:00'
[2024-08-28T04:16:35.502+0000] {taskinstance.py:731} INFO - ::endgroup::
[2024-08-28T04:16:35.518+0000] {logging_mixin.py:190} INFO - 1 None
[2024-08-28T04:16:35.518+0000] {logging_mixin.py:190} INFO - 2 None
[2024-08-28T04:16:35.519+0000] {logging_mixin.py:190} INFO - api_tmdb_pelis_terror
[2024-08-28T04:16:35.519+0000] {dag_intermediario.py:48} ERROR - ('Error when uploading data: ', TypeError("'NoneType' object is not subscriptable"))
[2024-08-28T04:16:35.520+0000] {python.py:240} INFO - Done. Returned value was: None
[2024-08-28T04:16:35.528+0000] {taskinstance.py:340} INFO - ::group::Post task execution logs
[2024-08-28T04:16:35.529+0000] {taskinstance.py:352} INFO - Marking task as SUCCESS. dag_id=movies_dag, task_id=subir_data, run_id=manual__2024-08-28T04:16:21.825103+00:00, execution_date=20240828T041621, start_date=20240828T041635, end_date=20240828T041635
[2024-08-28T04:16:35.558+0000] {local_task_job_runner.py:261} INFO - Task exited with return code 0
[2024-08-28T04:16:35.575+0000] {taskinstance.py:3891} INFO - 0 downstream tasks scheduled from follow-on schedule check
[2024-08-28T04:16:35.577+0000] {local_task_job_runner.py:240} INFO - ::endgroup::
