2024-08-12 21:00:05,871 -> INFO - Connecting to database...
2024-08-12 21:00:08,793 -> INFO - Firt row found: ('1023922', 'MaXXXine', 'en', 'In 1980s Hollywood, adult film star and aspiring actress Maxine Minx finally gets her big break. But as a mysterious killer stalks the starlets of Hollywood, a trail of blood threatens to reveal her sinister past.', datetime.date(2024, 7, 4), 6.322, 273.0, datetime.datetime(2024, 8, 12, 20, 55, 19, 819215))
2024-08-12 21:00:08,794 -> INFO - Connection closed
2024-08-12 21:34:18,745 -> INFO - Connecting to database...
2024-08-12 21:34:21,846 -> INFO - Firt row found: ('1023922', 'MaXXXine', 'en', 'In 1980s Hollywood, adult film star and aspiring actress Maxine Minx finally gets her big break. But as a mysterious killer stalks the starlets of Hollywood, a trail of blood threatens to reveal her sinister past.', datetime.date(2024, 7, 4), 6.322, 273.0, datetime.datetime(2024, 8, 12, 20, 55, 19, 819215))
2024-08-12 21:34:21,867 -> INFO - Connection closed
2024-08-12 21:34:49,793 -> INFO - Connecting to database...
2024-08-12 21:34:52,747 -> INFO - Firt row found: ('1023922', 'MaXXXine', 'en', 'In 1980s Hollywood, adult film star and aspiring actress Maxine Minx finally gets her big break. But as a mysterious killer stalks the starlets of Hollywood, a trail of blood threatens to reveal her sinister past.', datetime.date(2024, 7, 4), 6.322, 273.0, datetime.datetime(2024, 8, 12, 20, 55, 19, 819215))
2024-08-12 21:34:52,757 -> INFO - Connection closed
2024-08-12 21:37:21,288 -> INFO - Connecting to database...
2024-08-12 21:37:24,305 -> INFO - Firt row found: ('1023922', 'MaXXXine', 'en', 'In 1980s Hollywood, adult film star and aspiring actress Maxine Minx finally gets her big break. But as a mysterious killer stalks the starlets of Hollywood, a trail of blood threatens to reveal her sinister past.', datetime.date(2024, 7, 4), 6.322, 273.0, datetime.datetime(2024, 8, 12, 20, 55, 19, 819215))
2024-08-12 21:37:24,313 -> ERROR - ('Fake_Comisionado', 'Fake_Fecha')
2024-08-12 21:38:28,330 -> INFO - Connecting to database...
2024-08-12 21:38:31,518 -> INFO - Firt row found: ('1023922', 'MaXXXine', 'en', 'In 1980s Hollywood, adult film star and aspiring actress Maxine Minx finally gets her big break. But as a mysterious killer stalks the starlets of Hollywood, a trail of blood threatens to reveal her sinister past.', datetime.date(2024, 7, 4), 6.322, 273.0, datetime.datetime(2024, 8, 12, 20, 55, 19, 819215))
2024-08-12 21:38:31,533 -> INFO - Connection closed
2024-08-13 00:16:10,498 -> INFO - Connecting to database...
2024-08-13 00:16:14,248 -> INFO - Firt row found: ('1023922', 'MaXXXine', 'en', 'In 1980s Hollywood, adult film star and aspiring actress Maxine Minx finally gets her big break. But as a mysterious killer stalks the starlets of Hollywood, a trail of blood threatens to reveal her sinister past.', datetime.date(2024, 7, 4), 6.322, 273.0, datetime.datetime(2024, 8, 12, 20, 55, 19, 819215))
2024-08-13 00:16:14,248 -> INFO - Connection closed
2024-08-13 00:32:38,065 -> INFO - Connecting to database...
2024-08-13 00:33:23,312 -> INFO - Connecting to database...
2024-08-13 00:35:21,205 -> INFO - Connecting to database...
2024-08-13 00:35:25,493 -> INFO - Firt row found: ('1023922', 'MaXXXine', 'en', 'In 1980s Hollywood, adult film star and aspiring actress Maxine Minx finally gets her big break. But as a mysterious killer stalks the starlets of Hollywood, a trail of blood threatens to reveal her sinister past.', datetime.date(2024, 7, 4), 6.322, 273.0, datetime.datetime(2024, 8, 12, 20, 55, 19, 819215))
2024-08-13 00:35:25,493 -> INFO - Connection closed
2024-08-13 00:36:38,384 -> INFO - Connecting to database...
2024-08-13 00:36:42,650 -> INFO - Firt row found: ('1023922', 'MaXXXine', 'en', 'In 1980s Hollywood, adult film star and aspiring actress Maxine Minx finally gets her big break. But as a mysterious killer stalks the starlets of Hollywood, a trail of blood threatens to reveal her sinister past.', datetime.date(2024, 7, 4), 6.322, 273.0, datetime.datetime(2024, 8, 12, 20, 55, 19, 819215))
2024-08-13 00:36:43,125 -> INFO - Table is now empty
2024-08-13 00:36:57,798 -> INFO - New data uploaded!
2024-08-13 00:36:57,799 -> INFO - Connection closed
2024-08-13 00:53:50,142 -> INFO - Connecting to database...
2024-08-13 00:54:17,257 -> INFO - Connecting to database...
2024-08-13 00:54:21,251 -> INFO - Firt row found: ('1023922', 'MaXXXine', 'en', 'In 1980s Hollywood, adult film star and aspiring actress Maxine Minx finally gets her big break. But as a mysterious killer stalks the starlets of Hollywood, a trail of blood threatens to reveal her sinister past.', datetime.date(2024, 7, 4), 6.323, 277.0, datetime.datetime(2024, 8, 13, 0, 36, 48, 537272))
2024-08-13 00:54:21,861 -> INFO - Table is now empty
2024-08-13 00:54:29,440 -> ERROR - 'genre_ids'
2024-08-13 00:55:46,593 -> INFO - Connecting to database...
2024-08-13 00:55:50,400 -> INFO - Table doesn't contain any data
2024-08-13 00:55:50,875 -> INFO - Table is now empty
2024-08-13 00:56:06,317 -> INFO - New data uploaded!
2024-08-13 00:56:06,318 -> INFO - Connection closed
